-------------------------------------------------------------------------------
Test set: com.pb.PhonebookApplicationTests
-------------------------------------------------------------------------------
Tests run: 1, Failures: 0, Errors: 1, Skipped: 0, Time elapsed: 0.213 s <<< FAILURE! - in com.pb.PhonebookApplicationTests
com.pb.PhonebookApplicationTests  Time elapsed: 0.211 s  <<< ERROR!
java.lang.NoClassDefFoundError: org/springframework/test/context/TestContextAnnotationUtils
Caused by: java.lang.ClassNotFoundException: org.springframework.test.context.TestContextAnnotationUtils

